<?xml version="1.0" encoding="UTF-8"?>
<!-- Generated by org.testng.reporters.JUnitXMLReporter -->
<testsuite ignored="10" hostname="LNAR-5CG923B9X1" failures="5" tests="6" name="Command line test" time="31.597" errors="0" timestamp="2020-05-14T01:05:08 EDT">
  <testcase classname="test.Framework.Common" name="@BeforeMethod intiateTest" time="0.0">
    <failure type="java.lang.NullPointerException">
      <![CDATA[java.lang.NullPointerException
at test.Framework.Common.intiateTest(Common.java:37)
at java.base/java.util.ArrayList.forEach(ArrayList.java:1540)
... Removed 41 stack frames]]>
    </failure>
  </testcase> <!-- @BeforeMethod intiateTest -->
  <testcase classname="test.Framework.Common" name="@AfterMethod getResult" time="-1.589432686691E9">
    <skipped/>
  </testcase> <!-- @AfterMethod getResult -->
  <testcase classname="test.Framework.Common" name="@AfterClass tearDown" time="-1.589432686692E9">
    <skipped/>
  </testcase> <!-- @AfterClass tearDown -->
  <testcase classname="test.Framework.TestAha" name="LaunchSite" time="0.0">
    <failure type="org.testng.TestNGException" message="
Parameter &amp;apos;urlaha&amp;apos; is required by @Test on method LaunchSite but has not been marked @Optional or defined
">
      <![CDATA[org.testng.TestNGException: 
Parameter 'urlaha' is required by @Test on method LaunchSite but has not been marked @Optional or defined

at java.base/java.util.ArrayList.forEach(ArrayList.java:1540)
... Removed 36 stack frames]]>
    </failure>
  </testcase> <!-- LaunchSite -->
  <testcase classname="test.Framework.TestCoke" name="LaunchSite" time="0.0">
    <skipped/>
  </testcase> <!-- LaunchSite -->
  <testcase classname="test.Framework.TestFresca" name="LaunchSite" time="0.0">
    <failure type="org.testng.TestNGException" message="
Parameter &amp;apos;urlfresca&amp;apos; is required by @Test on method LaunchSite but has not been marked @Optional or defined
">
      <![CDATA[org.testng.TestNGException: 
Parameter 'urlfresca' is required by @Test on method LaunchSite but has not been marked @Optional or defined

at java.base/java.util.ArrayList.forEach(ArrayList.java:1540)
... Removed 36 stack frames]]>
    </failure>
  </testcase> <!-- LaunchSite -->
  <testcase classname="test.Framework.TestLogin" name="LaunchSite" time="0.0">
    <failure type="org.testng.TestNGException" message="
Parameter &amp;apos;url1&amp;apos; is required by @Test on method LaunchSite but has not been marked @Optional or defined
">
      <![CDATA[org.testng.TestNGException: 
Parameter 'url1' is required by @Test on method LaunchSite but has not been marked @Optional or defined

at java.base/java.util.ArrayList.forEach(ArrayList.java:1540)
... Removed 36 stack frames]]>
    </failure>
  </testcase> <!-- LaunchSite -->
  <testcase classname="test.Framework.TestPeaceTea" name="LaunchSite" time="0.0">
    <failure type="org.testng.TestNGException" message="
Parameter &amp;apos;urlpeacetea&amp;apos; is required by @Test on method LaunchSite but has not been marked @Optional or defined
">
      <![CDATA[org.testng.TestNGException: 
Parameter 'urlpeacetea' is required by @Test on method LaunchSite but has not been marked @Optional or defined

at java.base/java.util.ArrayList.forEach(ArrayList.java:1540)
... Removed 36 stack frames]]>
    </failure>
  </testcase> <!-- LaunchSite -->
  <testcase classname="test.Framework.TestPowerade" name="LaunchSite" time="0.0">
    <failure type="org.testng.TestNGException" message="
Parameter &amp;apos;urlpowerade&amp;apos; is required by @Test on method LaunchSite but has not been marked @Optional or defined
">
      <![CDATA[org.testng.TestNGException: 
Parameter 'urlpowerade' is required by @Test on method LaunchSite but has not been marked @Optional or defined

at java.base/java.util.ArrayList.forEach(ArrayList.java:1540)
... Removed 36 stack frames]]>
    </failure>
  </testcase> <!-- LaunchSite -->
  <testcase classname="test.Framework.Common" name="@AfterSuite endReport" time="0.0">
    <ignored/>
  </testcase> <!-- @AfterSuite endReport -->
  <testcase classname="test.Framework.Common" name="@AfterSuite endReport" time="0.0">
    <ignored/>
  </testcase> <!-- @AfterSuite endReport -->
  <testcase classname="test.Framework.Common" name="@AfterSuite endReport" time="0.0">
    <ignored/>
  </testcase> <!-- @AfterSuite endReport -->
  <testcase classname="test.Framework.Common" name="@AfterSuite endReport" time="0.0">
    <ignored/>
  </testcase> <!-- @AfterSuite endReport -->
  <testcase classname="test.Framework.Common" name="@AfterSuite endReport" time="0.0">
    <ignored/>
  </testcase> <!-- @AfterSuite endReport -->
  <testcase classname="test.Framework.Common" name="@BeforeSuite beforeSuite" time="0.0">
    <ignored/>
  </testcase> <!-- @BeforeSuite beforeSuite -->
  <testcase classname="test.Framework.Common" name="@BeforeSuite beforeSuite" time="0.0">
    <ignored/>
  </testcase> <!-- @BeforeSuite beforeSuite -->
  <testcase classname="test.Framework.Common" name="@BeforeSuite beforeSuite" time="0.0">
    <ignored/>
  </testcase> <!-- @BeforeSuite beforeSuite -->
  <testcase classname="test.Framework.Common" name="@BeforeSuite beforeSuite" time="0.0">
    <ignored/>
  </testcase> <!-- @BeforeSuite beforeSuite -->
  <testcase classname="test.Framework.Common" name="@BeforeSuite beforeSuite" time="0.0">
    <ignored/>
  </testcase> <!-- @BeforeSuite beforeSuite -->
</testsuite> <!-- Command line test -->
